action: GLOB, msg: packaging
cwd: D:\Personal_coding\mlops\megacommunity\dvc-first-project
cmd: 'c:\users\hp\anaconda3\envs\deploy_ml\python.exe' setup.py sdist --formats=zip --dist-dir 'D:\Personal_coding\mlops\megacommunity\dvc-first-project\.tox\dist'
running sdist
running egg_info
writing mlopssrc.egg-info\PKG-INFO
writing dependency_links to mlopssrc.egg-info\dependency_links.txt
writing top-level names to mlopssrc.egg-info\top_level.txt
reading manifest file 'mlopssrc.egg-info\SOURCES.txt'
writing manifest file 'mlopssrc.egg-info\SOURCES.txt'
running check
warning: check: missing required meta-data: url

warning: check: missing meta-data: if 'author' supplied, 'author_email' must be supplied too

creating mlopssrc-0.0.1
creating mlopssrc-0.0.1\mlopssrc.egg-info
creating mlopssrc-0.0.1\src
creating mlopssrc-0.0.1\tests
copying files to mlopssrc-0.0.1...
copying README.md -> mlopssrc-0.0.1
copying setup.py -> mlopssrc-0.0.1
copying mlopssrc.egg-info\PKG-INFO -> mlopssrc-0.0.1\mlopssrc.egg-info
copying mlopssrc.egg-info\SOURCES.txt -> mlopssrc-0.0.1\mlopssrc.egg-info
copying mlopssrc.egg-info\dependency_links.txt -> mlopssrc-0.0.1\mlopssrc.egg-info
copying mlopssrc.egg-info\top_level.txt -> mlopssrc-0.0.1\mlopssrc.egg-info
copying src\__init__.py -> mlopssrc-0.0.1\src
copying src\get_data.py -> mlopssrc-0.0.1\src
copying src\load_data.py -> mlopssrc-0.0.1\src
copying src\split_data.py -> mlopssrc-0.0.1\src
copying src\train_and_evaluate.py -> mlopssrc-0.0.1\src
copying tests\__init__.py -> mlopssrc-0.0.1\tests
copying tests\conftest.py -> mlopssrc-0.0.1\tests
copying tests\test_config.py -> mlopssrc-0.0.1\tests
Writing mlopssrc-0.0.1\setup.cfg
creating D:\Personal_coding\mlops\megacommunity\dvc-first-project\.tox\dist
creating 'D:\Personal_coding\mlops\megacommunity\dvc-first-project\.tox\dist\mlopssrc-0.0.1.zip' and adding 'mlopssrc-0.0.1' to it
adding 'mlopssrc-0.0.1'
adding 'mlopssrc-0.0.1\mlopssrc.egg-info'
adding 'mlopssrc-0.0.1\src'
adding 'mlopssrc-0.0.1\tests'
adding 'mlopssrc-0.0.1\PKG-INFO'
adding 'mlopssrc-0.0.1\README.md'
adding 'mlopssrc-0.0.1\setup.cfg'
adding 'mlopssrc-0.0.1\setup.py'
adding 'mlopssrc-0.0.1\mlopssrc.egg-info\dependency_links.txt'
adding 'mlopssrc-0.0.1\mlopssrc.egg-info\PKG-INFO'
adding 'mlopssrc-0.0.1\mlopssrc.egg-info\SOURCES.txt'
adding 'mlopssrc-0.0.1\mlopssrc.egg-info\top_level.txt'
adding 'mlopssrc-0.0.1\src\get_data.py'
adding 'mlopssrc-0.0.1\src\load_data.py'
adding 'mlopssrc-0.0.1\src\split_data.py'
adding 'mlopssrc-0.0.1\src\train_and_evaluate.py'
adding 'mlopssrc-0.0.1\src\__init__.py'
adding 'mlopssrc-0.0.1\tests\conftest.py'
adding 'mlopssrc-0.0.1\tests\test_config.py'
adding 'mlopssrc-0.0.1\tests\__init__.py'
removing 'mlopssrc-0.0.1' (and everything under it)
